Virtual User Script started at: Tue, 07/05/24 5:40:43 PM
Starting action vuser_init.
Web Turbo Replay of LoadRunner 2024.1.0 for Windows 10; build 667 (Feb 07 2024 17:45:41)  	[MsgId: MMSG-26983]
Run mode: HTML  	[MsgId: MMSG-26993]
Replay user agent: Mozilla/5.0 (Windows NT 10.0; Win64; x64) AppleWebKit/537.36 (KHTML, like Gecko) Chrome/126.0.0.0 Safari/537.36  	[MsgId: MMSG-26988]
Runtime Settings file: "C:\Users\Joy\Documents\VuGen\Scripts\Leave\\default.cfg"  	[MsgId: MMSG-27141]
vuser_init.c(12): web_set_sockets_option started  	[MsgId: MMSG-26355]
vuser_init.c(12): web_set_sockets_option was successful  	[MsgId: MMSG-26392]
vuser_init.c(14): web_url("seed") started  	[MsgId: MMSG-26355]
vuser_init.c(14): HTML parsing not performed for Content-Type "application/octet-stream" ("ParseHtmlContentType" Runtime Setting is "TEXT"). URL="https://clientservices.googleapis.com/chrome-variations/seed?osname=win&channel=beta&milestone=125"  	[MsgId: MMSG-26547]
vuser_init.c(14): Downloading resource "https://darkreader.org/blog/posts.json" (specified by argument number 8)  	[MsgId: MMSG-26576]
vuser_init.c(14): web_url("seed") was successful, 266081 body bytes, 1064 header bytes  	[MsgId: MMSG-26386]
vuser_init.c(26): web_custom_request("token") started  	[MsgId: MMSG-26355]
vuser_init.c(26): web_custom_request("token") was successful, 1010 body bytes, 501 header bytes  	[MsgId: MMSG-26386]
vuser_init.c(37): web_custom_request("collect") started  	[MsgId: MMSG-26355]
vuser_init.c(37): web_custom_request("collect") was successful, 16 body bytes, 450 header bytes  	[MsgId: MMSG-26386]
vuser_init.c(48): web_custom_request("token_2") started  	[MsgId: MMSG-26355]
vuser_init.c(48): web_custom_request("token_2") was successful, 396 body bytes, 500 header bytes  	[MsgId: MMSG-26386]
vuser_init.c(59): web_custom_request("json") started  	[MsgId: MMSG-26355]
vuser_init.c(59): web_custom_request("json") was successful, 591 body bytes, 1156 header bytes  	[MsgId: MMSG-26386]
vuser_init.c(85): web_url("crx") started  	[MsgId: MMSG-26355]
vuser_init.c(85): web_url("crx") was successful, 327 body bytes, 696 header bytes  	[MsgId: MMSG-26386]
vuser_init.c(94): web_add_cookie started  	[MsgId: MMSG-26355]
vuser_init.c(94): web_add_cookie was successful  	[MsgId: MMSG-26392]
vuser_init.c(98): web_add_cookie started  	[MsgId: MMSG-26355]
vuser_init.c(98): web_add_cookie was successful  	[MsgId: MMSG-26392]
vuser_init.c(100): web_add_cookie started  	[MsgId: MMSG-26355]
vuser_init.c(100): web_add_cookie was successful  	[MsgId: MMSG-26392]
vuser_init.c(102): web_add_cookie started  	[MsgId: MMSG-26355]
vuser_init.c(102): web_add_cookie was successful  	[MsgId: MMSG-26392]
vuser_init.c(104): web_add_cookie started  	[MsgId: MMSG-26355]
vuser_init.c(104): web_add_cookie was successful  	[MsgId: MMSG-26392]
vuser_init.c(106): web_add_cookie started  	[MsgId: MMSG-26355]
vuser_init.c(106): web_add_cookie was successful  	[MsgId: MMSG-26392]
vuser_init.c(108): web_add_cookie started  	[MsgId: MMSG-26355]
vuser_init.c(108): web_add_cookie was successful  	[MsgId: MMSG-26392]
vuser_init.c(110): web_add_cookie started  	[MsgId: MMSG-26355]
vuser_init.c(110): web_add_cookie was successful  	[MsgId: MMSG-26392]
vuser_init.c(112): web_add_cookie started  	[MsgId: MMSG-26355]
vuser_init.c(112): web_add_cookie was successful  	[MsgId: MMSG-26392]
vuser_init.c(114): web_add_cookie started  	[MsgId: MMSG-26355]
vuser_init.c(114): web_add_cookie was successful  	[MsgId: MMSG-26392]
vuser_init.c(116): web_add_cookie started  	[MsgId: MMSG-26355]
vuser_init.c(116): web_add_cookie was successful  	[MsgId: MMSG-26392]
vuser_init.c(118): web_add_cookie started  	[MsgId: MMSG-26355]
vuser_init.c(118): web_add_cookie was successful  	[MsgId: MMSG-26392]
vuser_init.c(120): web_add_cookie started  	[MsgId: MMSG-26355]
vuser_init.c(120): web_add_cookie was successful  	[MsgId: MMSG-26392]
vuser_init.c(122): web_add_cookie started  	[MsgId: MMSG-26355]
vuser_init.c(122): web_add_cookie was successful  	[MsgId: MMSG-26392]
vuser_init.c(125): web_add_cookie started  	[MsgId: MMSG-26355]
vuser_init.c(125): web_add_cookie was successful  	[MsgId: MMSG-26392]
vuser_init.c(128): web_add_cookie started  	[MsgId: MMSG-26355]
vuser_init.c(128): web_add_cookie was successful  	[MsgId: MMSG-26392]
vuser_init.c(131): web_add_cookie started  	[MsgId: MMSG-26355]
vuser_init.c(131): web_add_cookie was successful  	[MsgId: MMSG-26392]
vuser_init.c(133): web_add_cookie started  	[MsgId: MMSG-26355]
vuser_init.c(133): web_add_cookie was successful  	[MsgId: MMSG-26392]
vuser_init.c(135): web_add_cookie started  	[MsgId: MMSG-26355]
vuser_init.c(135): web_add_cookie was successful  	[MsgId: MMSG-26392]
vuser_init.c(137): web_add_cookie started  	[MsgId: MMSG-26355]
vuser_init.c(137): web_add_cookie was successful  	[MsgId: MMSG-26392]
vuser_init.c(139): web_add_cookie started  	[MsgId: MMSG-26355]
vuser_init.c(139): web_add_cookie was successful  	[MsgId: MMSG-26392]
vuser_init.c(141): web_add_cookie started  	[MsgId: MMSG-26355]
vuser_init.c(141): web_add_cookie was successful  	[MsgId: MMSG-26392]
vuser_init.c(146): web_add_cookie started  	[MsgId: MMSG-26355]
vuser_init.c(146): web_add_cookie was successful  	[MsgId: MMSG-26392]
vuser_init.c(148): web_add_cookie started  	[MsgId: MMSG-26355]
vuser_init.c(148): web_add_cookie was successful  	[MsgId: MMSG-26392]
vuser_init.c(150): web_add_cookie started  	[MsgId: MMSG-26355]
vuser_init.c(150): web_add_cookie was successful  	[MsgId: MMSG-26392]
vuser_init.c(152): web_custom_request("ListAccounts") started  	[MsgId: MMSG-26355]
vuser_init.c(152): web_custom_request("ListAccounts") was successful, 560 body bytes, 2843 header bytes  	[MsgId: MMSG-26386]
vuser_init.c(163): web_add_cookie started  	[MsgId: MMSG-26355]
vuser_init.c(163): web_add_cookie was successful  	[MsgId: MMSG-26392]
vuser_init.c(165): web_custom_request("collect_2") started  	[MsgId: MMSG-26355]
vuser_init.c(165): web_custom_request("collect_2") was successful, 1 body bytes, 522 header bytes  	[MsgId: MMSG-26386]
vuser_init.c(229): web_custom_request("v1:GetModels") started  	[MsgId: MMSG-26355]
vuser_init.c(229): web_custom_request("v1:GetModels") was successful, 938 body bytes, 404 header bytes  	[MsgId: MMSG-26386]
Ending action vuser_init.
Running Vuser...
Starting iteration 1.
Warning -27077: The "vuser_init" section contains web function(s) when the "Simulate a new user on each iteration" Runtime Setting is ON.  This may produce unpredictable results with multiple iterations  	[MsgId: MWAR-27077]
Maximum number of concurrent connections per server: 6  	[MsgId: MMSG-26989]
Starting action Action.
Ending action Action.
Ending iteration 1.
Ending Vuser...
Starting action vuser_end.
vuser_end.c(16): web_reg_async_attributes started  	[MsgId: MMSG-26355]
vuser_end.c(16): web_reg_async_attributes was successful  	[MsgId: MMSG-26392]
vuser_end.c(81): web_custom_request("json_2") started  	[MsgId: MMSG-26355]
vuser_end.c(81): Notify: Deleting Conversation Information with ID="poll_0"
vuser_end.c(81): web_custom_request("json_2") was successful, 939 body bytes, 1152 header bytes  	[MsgId: MMSG-26386]
vuser_end.c(446): web_stop_async started  	[MsgId: MMSG-26355]
vuser_end.c(446): Warning -26000: Failed to find conversation with ID="poll_0" for stopping  	[MsgId: MWAR-26000]
vuser_end.c(446): web_stop_async highest severity level was "warning"  	[MsgId: MMSG-26391]
Ending action vuser_end.
Vuser Terminated.
