Start auto log messages stack.	[MsgId: MMSG-10546]
Start auto log messages stack.	[MsgId: MMSG-10546]
Start auto log messages stack.	[MsgId: MMSG-10546]
vuser_init.c(12): web_set_sockets_option was successful  	[MsgId: MMSG-26392]
Start auto log messages stack.	[MsgId: MMSG-10546]
vuser_init.c(14): web_url("seed") started  	[MsgId: MMSG-26355]
vuser_init.c(12): web_set_sockets_option was successful  	[MsgId: MMSG-26392]
vuser_init.c(14): HTML parsing not performed for Content-Type "application/octet-stream" ("ParseHtmlContentType" Runtime Setting is "TEXT"). URL="https://clientservices.googleapis.com/chrome-variations/seed?osname=win&channel=beta&milestone=125"  	[MsgId: MMSG-26547]
Start auto log messages stack.	[MsgId: MMSG-10546]
vuser_init.c(14): web_url("seed") started  	[MsgId: MMSG-26355]
vuser_init.c(14): Downloading resource "https://darkreader.org/blog/posts.json" (specified by argument number 8)  	[MsgId: MMSG-26576]
vuser_init.c(14): web_url("seed") was successful, 261307 body bytes, 1061 header bytes  	[MsgId: MMSG-26386]
vuser_init.c(14): HTML parsing not performed for Content-Type "application/octet-stream" ("ParseHtmlContentType" Runtime Setting is "TEXT"). URL="https://clientservices.googleapis.com/chrome-variations/seed?osname=win&channel=beta&milestone=125"  	[MsgId: MMSG-26547]
vuser_init.c(12): web_set_sockets_option was successful  	[MsgId: MMSG-26392]
vuser_init.c(14): Downloading resource "https://darkreader.org/blog/posts.json" (specified by argument number 8)  	[MsgId: MMSG-26576]
vuser_init.c(14): web_url("seed") started  	[MsgId: MMSG-26355]
vuser_init.c(26): web_custom_request("token") started  	[MsgId: MMSG-26355]
vuser_init.c(14): web_url("seed") was successful, 261307 body bytes, 1061 header bytes  	[MsgId: MMSG-26386]
vuser_init.c(14): HTML parsing not performed for Content-Type "application/octet-stream" ("ParseHtmlContentType" Runtime Setting is "TEXT"). URL="https://clientservices.googleapis.com/chrome-variations/seed?osname=win&channel=beta&milestone=125"  	[MsgId: MMSG-26547]
vuser_init.c(26): web_custom_request("token") started  	[MsgId: MMSG-26355]
vuser_init.c(12): web_set_sockets_option was successful  	[MsgId: MMSG-26392]
Abort was called from an action.	[MsgId: MMSG-10447]
vuser_init.c(14): Downloading resource "https://darkreader.org/blog/posts.json" (specified by argument number 8)  	[MsgId: MMSG-26576]
vuser_init.c(26): Error -27760: Request "https://www.googleapis.com/oauth2/v4/token" failed  	[MsgId: MERR-27760]
vuser_init.c(14): web_url("seed") started  	[MsgId: MMSG-26355]
vuser_init.c(14): web_url("seed") was successful, 261307 body bytes, 1063 header bytes  	[MsgId: MMSG-26386]
vuser_init.c(14): HTML parsing not performed for Content-Type "application/octet-stream" ("ParseHtmlContentType" Runtime Setting is "TEXT"). URL="https://clientservices.googleapis.com/chrome-variations/seed?osname=win&channel=beta&milestone=125"  	[MsgId: MMSG-26547]
vuser_init.c(26): web_custom_request("token") started  	[MsgId: MMSG-26355]
Runtime Settings file: "C:\Users\Joy\AppData\Local\Temp\lr5tmpdirvKc.784\lrcfgRVe.789\cfg0S1.790"  	[MsgId: MMSG-27141]
vuser_init.c(14): Downloading resource "https://darkreader.org/blog/posts.json" (specified by argument number 8)  	[MsgId: MMSG-26576]
vuser_init.c(12): web_set_sockets_option started  	[MsgId: MMSG-26355]
vuser_init.c(14): web_url("seed") was successful, 261307 body bytes, 1061 header bytes  	[MsgId: MMSG-26386]
vuser_init.c(12): web_set_sockets_option was successful  	[MsgId: MMSG-26392]
vuser_init.c(26): web_custom_request("token") started  	[MsgId: MMSG-26355]
vuser_init.c(14): web_url("seed") started  	[MsgId: MMSG-26355]
vuser_init.c(14): HTML parsing not performed for Content-Type "application/octet-stream" ("ParseHtmlContentType" Runtime Setting is "TEXT"). URL="https://clientservices.googleapis.com/chrome-variations/seed?osname=win&channel=beta&milestone=125"  	[MsgId: MMSG-26547]
vuser_init.c(14): Downloading resource "https://darkreader.org/blog/posts.json" (specified by argument number 8)  	[MsgId: MMSG-26576]
Abort was called from an action.	[MsgId: MMSG-10447]
vuser_init.c(26): Error -27760: Request "https://www.googleapis.com/oauth2/v4/token" failed  	[MsgId: MERR-27760]
Abort was called from an action.	[MsgId: MMSG-10447]
vuser_init.c(26): Error -27760: Request "https://www.googleapis.com/oauth2/v4/token" failed  	[MsgId: MERR-27760]
Abort was called from an action.	[MsgId: MMSG-10447]
vuser_init.c(26): Error -27760: Request "https://www.googleapis.com/oauth2/v4/token" failed  	[MsgId: MERR-27760]
Abort was called from an action.	[MsgId: MMSG-10447]
vuser_init.c(14): Error -27760: Request "https://clientservices.googleapis.com/chrome-variations/seed?osname=win&channel=beta&milestone=125" failed  	[MsgId: MERR-27760]
